#
# There is insufficient memory for the Java Runtime Environment to continue.
# Native memory allocation (mmap) failed to map 4294967296 bytes. Error detail: committing reserved memory.
# Possible reasons:
#   The system is out of physical RAM or swap space
#   This process is running with CompressedOops enabled, and the Java Heap may be blocking the growth of the native heap
# Possible solutions:
#   Reduce memory load on the system
#   Increase physical memory or swap space
#   Check if swap backing store is full
#   Decrease Java heap size (-Xmx/-Xms)
#   Decrease number of Java threads
#   Decrease Java thread stack sizes (-Xss)
#   Set larger code cache with -XX:ReservedCodeCacheSize=
#   JVM is running with Zero Based Compressed Oops mode in which the Java heap is
#     placed in the first 32GB address space. The Java Heap base address is the
#     maximum limit for the native heap growth. Please use -XX:HeapBaseMinAddress
#     to set the Java Heap base and to place the Java Heap above 32GB virtual address.
# This output file may be truncated or incomplete.
#
#  Out of Memory Error (os_linux.cpp:2784), pid=439, tid=441
#
# JRE version:  (21.0.3+9) (build )
# Java VM: OpenJDK 64-Bit Server VM (21.0.3+9-LTS, mixed mode, sharing, tiered, compressed oops, compressed class ptrs, g1 gc, linux-amd64)
# Core dump will be written. Default location: Core dumps may be processed with "/usr/share/apport/apport -p%p -s%s -c%c -d%d -P%P -u%u -g%g -- %E" (or dumping to /data/core.439)
#

---------------  S U M M A R Y ------------

Command Line: -Xmx4G -Xms4G minecraft_server.1.21.jar

Host: DO-Regular, 2 cores, 3G, Ubuntu 22.04.4 LTS
Time: Thu Jul  4 13:43:20 2024 UTC elapsed time: 0.008264 seconds (0d 0h 0m 0s)

---------------  T H R E A D  ---------------

Current thread (0x00007e1f440279c0):  JavaThread "Unknown thread" [_thread_in_vm, id=441, stack(0x00007e1f4b067000,0x00007e1f4b167000) (1024K)]

Stack: [0x00007e1f4b067000,0x00007e1f4b167000],  sp=0x00007e1f4b165410,  free space=1017k
Native frames: (J=compiled Java code, j=interpreted, Vv=VM code, C=native code)
V  [libjvm.so+0x1002928]  VMError::report_and_die(int, char const*, char const*, __va_list_tag*, Thread*, unsigned char*, void*, void*, char const*, int, unsigned long)+0x2b8  (os_linux.cpp:2784)
V  [libjvm.so+0x100331d]
V  [libjvm.so+0x6b8e7f]
V  [libjvm.so+0xcfcfc4]  os::pd_commit_memory_or_exit(char*, unsigned long, unsigned long, bool, char const*)+0xd4
V  [libjvm.so+0xcf646d]  os::commit_memory_or_exit(char*, unsigned long, unsigned long, bool, char const*)+0x1d
V  [libjvm.so+0x80e0cb]  G1PageBasedVirtualSpace::commit(unsigned long, unsigned long)+0xfb
V  [libjvm.so+0x82455f]  G1RegionsLargerThanCommitSizeMapper::commit_regions(unsigned int, unsigned long, WorkerThreads*)+0x9f
V  [libjvm.so+0x8b4215]  HeapRegionManager::commit_regions(unsigned int, unsigned long, WorkerThreads*)+0x55
V  [libjvm.so+0x8b5e82]  HeapRegionManager::expand(unsigned int, unsigned int, WorkerThreads*)+0x32
V  [libjvm.so+0x8b60ae]  HeapRegionManager::expand_by(unsigned int, WorkerThreads*)+0x7e
V  [libjvm.so+0x7c87af]  G1CollectedHeap::expand(unsigned long, WorkerThreads*, double*)+0xff
V  [libjvm.so+0x7c8dc4]  G1CollectedHeap::initialize()+0x5c4
V  [libjvm.so+0xfa3bc6]  universe_init()+0xd6
V  [libjvm.so+0x8d4ba7]  init_globals()+0x37
V  [libjvm.so+0xf82895]  Threads::create_vm(JavaVMInitArgs*, bool*)+0x2b5
V  [libjvm.so+0x9ae75f]  JNI_CreateJavaVM+0x4f
C  [libjli.so+0x970b]  JavaMain+0x8b
C  [libjli.so+0xd289]  ThreadJavaMain+0x9

---------------  P R O C E S S  ---------------

Threads class SMR info:
_java_thread_list=0x00007e1f4c7b4960, length=0, elements={
}

Java Threads: ( => current thread )
Total: 0

Other Threads:
  0x00007e1f44090d50 WorkerThread "GC Thread#0"                     [id=442, stack(0x00007e1f49abb000,0x00007e1f49bbb000) (1024K)]
  0x00007e1f440a2310 ConcurrentGCThread "G1 Main Marker"            [id=443, stack(0x00007e1f499ba000,0x00007e1f49aba000) (1024K)]
  0x00007e1f440a32b0 WorkerThread "G1 Conc#0"                       [id=444, stack(0x00007e1f498b9000,0x00007e1f499b9000) (1024K)]

[error occurred during error reporting (printing all threads), id 0xb, SIGSEGV (0xb) at pc=0x00007e1f4ba34800]
VM state: not at safepoint (not fully initialized)

VM Mutex/Monitor currently owned by a thread:  ([mutex/lock_event])
[0x00007e1f4c78eca0] Heap_lock - owner thread: 0x00007e1f440279c0

Heap address: 0x0000000700000000, size: 4096 MB, Compressed Oops mode: Zero based, Oop shift amount: 3

CDS archive(s) mapped at: [0x0000000000000000-0x0000000000000000-0x0000000000000000), size 0, SharedBaseAddress: 0x0000000800000000, ArchiveRelocationMode: 1.
Narrow klass base: 0x0000000000000000, Narrow klass shift: 0, Narrow klass range: 0x0

GC Precious Log:
 CardTable entry size: 512
 Card Set container configuration: InlinePtr #cards 4 size 8 Array Of Cards #cards 16 size 48 Howl #buckets 8 coarsen threshold 3686 Howl Bitmap #cards 512 size 80 coarsen threshold 460 Card regions per heap region 1 cards per card region 4096

Heap:
 garbage-first heap   total 0K, used 0K [0x0000000700000000, 0x0000000800000000)
  region size 2048K, 0 young (0K), 0 survivors (0K)

[error occurred during error reporting (printing heap information), id 0xb, SIGSEGV (0xb) at pc=0x00007e1f4bffaeba]
GC Heap History (0 events):
No events

Dll operation events (1 events):
Event: 0.002 Loaded shared library /opt/java/openjdk/lib/libjava.so

Deoptimization events (0 events):
No events

Classes loaded (0 events):
No events

Classes unloaded (0 events):
No events

Classes redefined (0 events):
No events

Internal exceptions (0 events):
No events

ZGC Phase Switch (0 events):
No events

VM Operations (0 events):
No events

Events (1 events):
Event: 0.002 Protecting memory [0x00007e1f4b067000,0x00007e1f4b06b000] with protection modes 0


Dynamic libraries:
644f8798e000-644f8798f000 r-xp 00000000 00:31 269379                     /opt/java/openjdk/bin/java
644f87990000-644f87991000 r--p 00001000 00:31 269379                     /opt/java/openjdk/bin/java
644f87991000-644f87992000 rw-p 00002000 00:31 269379                     /opt/java/openjdk/bin/java
644f87de9000-644f87e2f000 rw-p 00000000 00:00 0                          [heap]
7e1f18000000-7e1f18021000 rw-p 00000000 00:00 0 
7e1f18021000-7e1f1c000000 ---p 00000000 00:00 0 
7e1f1c000000-7e1f1c021000 rw-p 00000000 00:00 0 
7e1f1c021000-7e1f20000000 ---p 00000000 00:00 0 
7e1f24000000-7e1f24021000 rw-p 00000000 00:00 0 
7e1f24021000-7e1f28000000 ---p 00000000 00:00 0 
7e1f28e00000-7e1f2ae00000 rw-p 00000000 00:00 0 
7e1f2ae00000-7e1f2ee00000 ---p 00000000 00:00 0 
7e1f2ee00000-7e1f2f070000 rwxp 00000000 00:00 0 
7e1f2f070000-7e1f36338000 ---p 00000000 00:00 0 
7e1f36338000-7e1f365a8000 rwxp 00000000 00:00 0 
7e1f365a8000-7e1f368c7000 ---p 00000000 00:00 0 
7e1f368c7000-7e1f36b37000 rwxp 00000000 00:00 0 
7e1f36b37000-7e1f3de00000 ---p 00000000 00:00 0 
7e1f3dfdb000-7e1f44000000 r--s 00000000 00:31 269681                     /opt/java/openjdk/lib/modules
7e1f44000000-7e1f440b9000 rw-p 00000000 00:00 0 
7e1f440b9000-7e1f48000000 ---p 00000000 00:00 0 
7e1f49200000-7e1f494df000 rw-p 00000000 00:00 0 
7e1f49534000-7e1f498b8000 rw-p 00000000 00:00 0 
7e1f498b8000-7e1f498b9000 ---p 00000000 00:00 0 
7e1f498b9000-7e1f499b9000 rw-p 00000000 00:00 0 
7e1f499b9000-7e1f499ba000 ---p 00000000 00:00 0 
7e1f499ba000-7e1f49aba000 rw-p 00000000 00:00 0 
7e1f49aba000-7e1f49abb000 ---p 00000000 00:00 0 
7e1f49abb000-7e1f49bbb000 rw-p 00000000 00:00 0 
7e1f49bbb000-7e1f49c00000 rw-p 00000000 00:00 0 
7e1f49c00000-7e1f4ac00000 ---p 00000000 00:00 0 
7e1f4ac38000-7e1f4ae3f000 rw-p 00000000 00:00 0 
7e1f4ae3f000-7e1f4af25000 ---p 00000000 00:00 0 
7e1f4af25000-7e1f4af2a000 rw-p 00000000 00:00 0 
7e1f4af2a000-7e1f4b010000 ---p 00000000 00:00 0 
7e1f4b010000-7e1f4b015000 rw-p 00000000 00:00 0 
7e1f4b015000-7e1f4b01c000 ---p 00000000 00:00 0 
7e1f4b01c000-7e1f4b03c000 r-xp 00000000 00:31 269657                     /opt/java/openjdk/lib/libjava.so
7e1f4b03c000-7e1f4b03d000 ---p 00020000 00:31 269657                     /opt/java/openjdk/lib/libjava.so
7e1f4b03d000-7e1f4b03e000 r--p 00020000 00:31 269657                     /opt/java/openjdk/lib/libjava.so
7e1f4b03e000-7e1f4b03f000 rw-p 00021000 00:31 269657                     /opt/java/openjdk/lib/libjava.so
7e1f4b03f000-7e1f4b040000 rw-p 00000000 00:00 0 
7e1f4b040000-7e1f4b048000 rw-s 00000000 00:31 786513                     /tmp/hsperfdata_minecraft/439
7e1f4b048000-7e1f4b063000 r-xp 00000000 00:31 269662                     /opt/java/openjdk/lib/libjimage.so
7e1f4b063000-7e1f4b064000 ---p 0001b000 00:31 269662                     /opt/java/openjdk/lib/libjimage.so
7e1f4b064000-7e1f4b066000 r--p 0001b000 00:31 269662                     /opt/java/openjdk/lib/libjimage.so
7e1f4b066000-7e1f4b067000 rw-p 0001d000 00:31 269662                     /opt/java/openjdk/lib/libjimage.so
7e1f4b067000-7e1f4b06b000 ---p 00000000 00:00 0 
7e1f4b06b000-7e1f4b167000 rw-p 00000000 00:00 0 
7e1f4b167000-7e1f4b175000 r--p 00000000 00:31 263452                     /usr/lib/x86_64-linux-gnu/libm.so.6
7e1f4b175000-7e1f4b1f1000 r-xp 0000e000 00:31 263452                     /usr/lib/x86_64-linux-gnu/libm.so.6
7e1f4b1f1000-7e1f4b24c000 r--p 0008a000 00:31 263452                     /usr/lib/x86_64-linux-gnu/libm.so.6
7e1f4b24c000-7e1f4b24d000 r--p 000e4000 00:31 263452                     /usr/lib/x86_64-linux-gnu/libm.so.6
7e1f4b24d000-7e1f4b24e000 rw-p 000e5000 00:31 263452                     /usr/lib/x86_64-linux-gnu/libm.so.6
7e1f4b24e000-7e1f4b24f000 r--p 00000000 00:31 263497                     /usr/lib/x86_64-linux-gnu/librt.so.1
7e1f4b24f000-7e1f4b250000 r-xp 00001000 00:31 263497                     /usr/lib/x86_64-linux-gnu/librt.so.1
7e1f4b250000-7e1f4b251000 r--p 00002000 00:31 263497                     /usr/lib/x86_64-linux-gnu/librt.so.1
7e1f4b251000-7e1f4b252000 r--p 00002000 00:31 263497                     /usr/lib/x86_64-linux-gnu/librt.so.1
7e1f4b252000-7e1f4b253000 rw-p 00003000 00:31 263497                     /usr/lib/x86_64-linux-gnu/librt.so.1
7e1f4b253000-7e1f4c65c000 r-xp 00000000 00:31 524298                     /opt/java/openjdk/lib/server/libjvm.so
7e1f4c65c000-7e1f4c65d000 ---p 01409000 00:31 524298                     /opt/java/openjdk/lib/server/libjvm.so
7e1f4c65d000-7e1f4c72d000 r--p 01409000 00:31 524298                     /opt/java/openjdk/lib/server/libjvm.so
7e1f4c72d000-7e1f4c75d000 rw-p 014d9000 00:31 524298                     /opt/java/openjdk/lib/server/libjvm.so
7e1f4c75d000-7e1f4c7c5000 rw-p 00000000 00:00 0 
7e1f4c7c5000-7e1f4c7ed000 r--p 00000000 00:31 263399                     /usr/lib/x86_64-linux-gnu/libc.so.6
7e1f4c7ed000-7e1f4c982000 r-xp 00028000 00:31 263399                     /usr/lib/x86_64-linux-gnu/libc.so.6
7e1f4c982000-7e1f4c9da000 r--p 001bd000 00:31 263399                     /usr/lib/x86_64-linux-gnu/libc.so.6
7e1f4c9da000-7e1f4c9db000 ---p 00215000 00:31 263399                     /usr/lib/x86_64-linux-gnu/libc.so.6
7e1f4c9db000-7e1f4c9df000 r--p 00215000 00:31 263399                     /usr/lib/x86_64-linux-gnu/libc.so.6
7e1f4c9df000-7e1f4c9e1000 rw-p 00219000 00:31 263399                     /usr/lib/x86_64-linux-gnu/libc.so.6
7e1f4c9e1000-7e1f4c9ee000 rw-p 00000000 00:00 0 
7e1f4c9ee000-7e1f4c9ef000 r--p 00000000 00:31 263414                     /usr/lib/x86_64-linux-gnu/libdl.so.2
7e1f4c9ef000-7e1f4c9f0000 r-xp 00001000 00:31 263414                     /usr/lib/x86_64-linux-gnu/libdl.so.2
7e1f4c9f0000-7e1f4c9f1000 r--p 00002000 00:31 263414                     /usr/lib/x86_64-linux-gnu/libdl.so.2
7e1f4c9f1000-7e1f4c9f2000 r--p 00002000 00:31 263414                     /usr/lib/x86_64-linux-gnu/libdl.so.2
7e1f4c9f2000-7e1f4c9f3000 rw-p 00003000 00:31 263414                     /usr/lib/x86_64-linux-gnu/libdl.so.2
7e1f4c9f3000-7e1f4c9f4000 r--p 00000000 00:31 263495                     /usr/lib/x86_64-linux-gnu/libpthread.so.0
7e1f4c9f4000-7e1f4c9f5000 r-xp 00001000 00:31 263495                     /usr/lib/x86_64-linux-gnu/libpthread.so.0
7e1f4c9f5000-7e1f4c9f6000 r--p 00002000 00:31 263495                     /usr/lib/x86_64-linux-gnu/libpthread.so.0
7e1f4c9f6000-7e1f4c9f7000 r--p 00002000 00:31 263495                     /usr/lib/x86_64-linux-gnu/libpthread.so.0
7e1f4c9f7000-7e1f4c9f8000 rw-p 00003000 00:31 263495                     /usr/lib/x86_64-linux-gnu/libpthread.so.0
7e1f4c9fb000-7e1f4c9fc000 ---p 00000000 00:00 0 
7e1f4c9fc000-7e1f4c9fd000 r--p 00000000 00:00 0 
7e1f4c9fd000-7e1f4ca16000 r-xp 00000000 00:31 269663                     /opt/java/openjdk/lib/libjli.so
7e1f4ca16000-7e1f4ca17000 r--p 00018000 00:31 269663                     /opt/java/openjdk/lib/libjli.so
7e1f4ca17000-7e1f4ca18000 rw-p 00019000 00:31 269663                     /opt/java/openjdk/lib/libjli.so
7e1f4ca18000-7e1f4ca1a000 rw-p 00000000 00:00 0 
7e1f4ca1a000-7e1f4ca1c000 r--p 00000000 00:31 263381                     /usr/lib/x86_64-linux-gnu/ld-linux-x86-64.so.2
7e1f4ca1c000-7e1f4ca46000 r-xp 00002000 00:31 263381                     /usr/lib/x86_64-linux-gnu/ld-linux-x86-64.so.2
7e1f4ca46000-7e1f4ca51000 r--p 0002c000 00:31 263381                     /usr/lib/x86_64-linux-gnu/ld-linux-x86-64.so.2
7e1f4ca51000-7e1f4ca52000 ---p 00000000 00:00 0 
7e1f4ca52000-7e1f4ca54000 r--p 00037000 00:31 263381                     /usr/lib/x86_64-linux-gnu/ld-linux-x86-64.so.2
7e1f4ca54000-7e1f4ca56000 rw-p 00039000 00:31 263381                     /usr/lib/x86_64-linux-gnu/ld-linux-x86-64.so.2
7fffb4faa000-7fffb4fcb000 rw-p 00000000 00:00 0                          [stack]
7fffb4ff8000-7fffb4ffc000 r--p 00000000 00:00 0                          [vvar]
7fffb4ffc000-7fffb4ffe000 r-xp 00000000 00:00 0                          [vdso]
ffffffffff600000-ffffffffff601000 --xp 00000000 00:00 0                  [vsyscall]
Total number of mappings: 97


VM Arguments:
jvm_args: -Xmx4G -Xms4G 
java_command: minecraft_server.1.21.jar
java_class_path (initial): minecraft_server.1.21.jar
Launcher Type: SUN_STANDARD

[Global flags]
     intx CICompilerCount                          = 2                                         {product} {ergonomic}
     uint ConcGCThreads                            = 1                                         {product} {ergonomic}
     uint G1ConcRefinementThreads                  = 2                                         {product} {ergonomic}
   size_t G1HeapRegionSize                         = 2097152                                   {product} {ergonomic}
    uintx GCDrainStackTargetSize                   = 64                                        {product} {ergonomic}
   size_t InitialHeapSize                          = 4294967296                                {product} {command line}
   size_t MarkStackSize                            = 4194304                                   {product} {ergonomic}
   size_t MaxHeapSize                              = 4294967296                                {product} {command line}
   size_t MinHeapDeltaBytes                        = 2097152                                   {product} {ergonomic}
   size_t MinHeapSize                              = 4294967296                                {product} {command line}
    uintx NonNMethodCodeHeapSize                   = 5826188                                {pd product} {ergonomic}
    uintx NonProfiledCodeHeapSize                  = 122916026                              {pd product} {ergonomic}
    uintx ProfiledCodeHeapSize                     = 122916026                              {pd product} {ergonomic}
    uintx ReservedCodeCacheSize                    = 251658240                              {pd product} {ergonomic}
     bool SegmentedCodeCache                       = true                                      {product} {ergonomic}
   size_t SoftMaxHeapSize                          = 4294967296                             {manageable} {ergonomic}
     bool UseCompressedOops                        = true                           {product lp64_product} {ergonomic}
     bool UseG1GC                                  = true                                      {product} {ergonomic}

Logging:
Log output configuration:
 #0: stdout all=warning uptime,level,tags foldmultilines=false
 #1: stderr all=off uptime,level,tags foldmultilines=false

Environment Variables:
JAVA_HOME=/opt/java/openjdk
PATH=/opt/java/openjdk/bin:/usr/local/sbin:/usr/local/bin:/usr/sbin:/usr/bin:/sbin:/bin
LANG=en_US.UTF-8
LC_ALL=en_US.UTF-8
TERM=xterm

Active Locale:
LC_ALL=C
LC_COLLATE=C
LC_CTYPE=C
LC_MESSAGES=C
LC_MONETARY=C
LC_NUMERIC=C
LC_TIME=C

Signal Handlers:
   SIGSEGV: crash_handler in libjvm.so, mask=11100100010111111101111111111110, flags=SA_RESTART|SA_SIGINFO, unblocked
    SIGBUS: crash_handler in libjvm.so, mask=11100100010111111101111111111110, flags=SA_RESTART|SA_SIGINFO, unblocked
    SIGFPE: crash_handler in libjvm.so, mask=11100100010111111101111111111110, flags=SA_RESTART|SA_SIGINFO, unblocked
   SIGPIPE: javaSignalHandler in libjvm.so, mask=11100100010111111101111111111110, flags=SA_RESTART|SA_SIGINFO, blocked
   SIGXFSZ: javaSignalHandler in libjvm.so, mask=11100100010111111101111111111110, flags=SA_RESTART|SA_SIGINFO, blocked
    SIGILL: crash_handler in libjvm.so, mask=11100100010111111101111111111110, flags=SA_RESTART|SA_SIGINFO, unblocked
   SIGUSR2: SR_handler in libjvm.so, mask=00000000000000000000000000000000, flags=SA_RESTART|SA_SIGINFO, blocked
    SIGHUP: SIG_DFL, mask=00000000000000000000000000000000, flags=none, blocked
    SIGINT: SIG_DFL, mask=00000000000000000000000000000000, flags=none, blocked
   SIGTERM: SIG_DFL, mask=00000000000000000000000000000000, flags=none, blocked
   SIGQUIT: UserHandler in libjvm.so, mask=11100100010111111101111111111110, flags=SA_RESTART|SA_SIGINFO, blocked
   SIGTRAP: crash_handler in libjvm.so, mask=11100100010111111101111111111110, flags=SA_RESTART|SA_SIGINFO, unblocked


Periodic native trim disabled

---------------  S Y S T E M  ---------------

OS:
DISTRIB_ID=Ubuntu
DISTRIB_RELEASE=22.04
DISTRIB_CODENAME=jammy
DISTRIB_DESCRIPTION="Ubuntu 22.04.4 LTS"
uname: Linux 6.8.0-36-generic #36-Ubuntu SMP PREEMPT_DYNAMIC Mon Jun 10 10:49:14 UTC 2024 x86_64
OS uptime: 0 days 22:09 hours
libc: glibc 2.35 NPTL 2.35 
rlimit (soft/hard): STACK 8192k/infinity , CORE 0k/infinity , NPROC 15528/15528 , NOFILE 524288/524288 , AS infinity/infinity , CPU infinity/infinity , DATA infinity/infinity , FSIZE infinity/infinity , MEMLOCK 8192k/8192k
load average: 1.18 1.23 0.97

/proc/meminfo:
MemTotal:        4010048 kB
MemFree:         1800656 kB
MemAvailable:    3315832 kB
Buffers:           96088 kB
Cached:          1584328 kB
SwapCached:            0 kB
Active:           888480 kB
Inactive:        1023976 kB
Active(anon):     244512 kB
Inactive(anon):      552 kB
Active(file):     643968 kB
Inactive(file):  1023424 kB
Unevictable:       30352 kB
Mlocked:           27280 kB
SwapTotal:             0 kB
SwapFree:              0 kB
Zswap:                 0 kB
Zswapped:              0 kB
Dirty:               804 kB
Writeback:             0 kB
AnonPages:        262452 kB
Mapped:           275368 kB
Shmem:              4272 kB
KReclaimable:     104628 kB
Slab:             171444 kB
SReclaimable:     104628 kB
SUnreclaim:        66816 kB
KernelStack:        3724 kB
PageTables:         5084 kB
SecPageTables:         0 kB
NFS_Unstable:          0 kB
Bounce:                0 kB
WritebackTmp:          0 kB
CommitLimit:     2005024 kB
Committed_AS:    1485064 kB
VmallocTotal:   34359738367 kB
VmallocUsed:       20104 kB
VmallocChunk:          0 kB
Percpu:             1624 kB
HardwareCorrupted:     0 kB
AnonHugePages:         0 kB
ShmemHugePages:        0 kB
ShmemPmdMapped:        0 kB
FileHugePages:         0 kB
FilePmdMapped:         0 kB
Unaccepted:            0 kB
HugePages_Total:       0
HugePages_Free:        0
HugePages_Rsvd:        0
HugePages_Surp:        0
Hugepagesize:       2048 kB
Hugetlb:               0 kB
DirectMap4k:      120684 kB
DirectMap2M:     4073472 kB

/sys/kernel/mm/transparent_hugepage/enabled: always [madvise] never
/sys/kernel/mm/transparent_hugepage/hpage_pmd_size: 2097152
/sys/kernel/mm/transparent_hugepage/defrag (defrag/compaction efforts parameter): always defer defer+madvise [madvise] never

Process Memory:
Virtual Size: 762220K (peak: 4952040K)
Resident Set Size: 20096K (peak: 20096K) (anon: 6528K, file: 13568K, shmem: 0K)
Swapped out: 0K
C-Heap outstanding allocations: 9429K, retained: 602K
glibc malloc tunables: (default)

/proc/sys/kernel/threads-max (system-wide limit on the number of threads): 31056
/proc/sys/vm/max_map_count (maximum number of memory map areas a process may have): 1048576
/proc/sys/kernel/pid_max (system-wide limit on number of process identifiers): 4194304

container (cgroup) information:
container_type: cgroupv2
cpu_cpuset_cpus: not supported
cpu_memory_nodes: not supported
active_processor_count: 2
cpu_quota: no quota
cpu_period: 100000
cpu_shares: no shares
memory_limit_in_bytes: unlimited
memory_and_swap_limit_in_bytes: unlimited
memory_soft_limit_in_bytes: unlimited
memory_usage_in_bytes: 13328 k
memory_max_usage_in_bytes: not supported
memory_swap_current_in_bytes: unlimited
memory_swap_max_limit_in_bytes: unlimited
maximum number of tasks: 4658
current number of tasks: 11

KVM virtualization detected
Steal ticks since vm start: 0
Steal ticks percentage since vm start:  0.000

CPU: total 2 (initial active 2) (2 cores per cpu, 1 threads per core) family 6 model 79 stepping 1 microcode 0x1, cx8, cmov, fxsr, mmx, 3dnowpref, sse, sse2, sse3, ssse3, sse4.1, sse4.2, popcnt, lzcnt, tsc, avx, avx2, aes, erms, clmul, bmi1, bmi2, adx, fma, vzeroupper, clflush, hv, rdtscp, f16c
CPU Model and flags from /proc/cpuinfo:
model name	: DO-Regular
flags		: fpu vme de pse tsc msr pae mce cx8 apic sep mtrr pge mca cmov pat pse36 clflush mmx fxsr sse sse2 ss ht syscall nx rdtscp lm constant_tsc rep_good nopl xtopology cpuid tsc_known_freq pni pclmulqdq vmx ssse3 fma cx16 pcid sse4_1 sse4_2 x2apic movbe popcnt tsc_deadline_timer aes xsave avx f16c rdrand hypervisor lahf_lm abm 3dnowprefetch cpuid_fault pti ssbd ibrs ibpb tpr_shadow flexpriority ept vpid ept_ad fsgsbase tsc_adjust bmi1 avx2 smep bmi2 erms invpcid rdseed adx smap xsaveopt arat vnmi md_clear

Online cpus: 0-1
Offline cpus: 
BIOS frequency limitation: <Not Available>
Frequency switch latency (ns): <Not Available>
Available cpu frequencies: <Not Available>
Current governor: <Not Available>
Core performance/turbo boost: <Not Available>

Memory: 4k page, physical 4010048k(3315832k free), swap 0k(0k free)
Page Sizes: 4k

vm_info: OpenJDK 64-Bit Server VM (21.0.3+9-LTS) for linux-amd64 JRE (21.0.3+9-LTS), built on 2024-04-16T00:00:00Z by "admin" with gcc 11.3.0

END.
