#
# There is insufficient memory for the Java Runtime Environment to continue.
# Native memory allocation (mmap) failed to map 4294967296 bytes. Error detail: committing reserved memory.
# Possible reasons:
#   The system is out of physical RAM or swap space
#   This process is running with CompressedOops enabled, and the Java Heap may be blocking the growth of the native heap
# Possible solutions:
#   Reduce memory load on the system
#   Increase physical memory or swap space
#   Check if swap backing store is full
#   Decrease Java heap size (-Xmx/-Xms)
#   Decrease number of Java threads
#   Decrease Java thread stack sizes (-Xss)
#   Set larger code cache with -XX:ReservedCodeCacheSize=
#   JVM is running with Zero Based Compressed Oops mode in which the Java heap is
#     placed in the first 32GB address space. The Java Heap base address is the
#     maximum limit for the native heap growth. Please use -XX:HeapBaseMinAddress
#     to set the Java Heap base and to place the Java Heap above 32GB virtual address.
# This output file may be truncated or incomplete.
#
#  Out of Memory Error (os_linux.cpp:2784), pid=449, tid=451
#
# JRE version:  (21.0.3+9) (build )
# Java VM: OpenJDK 64-Bit Server VM (21.0.3+9-LTS, mixed mode, sharing, tiered, compressed oops, compressed class ptrs, g1 gc, linux-amd64)
# Core dump will be written. Default location: Core dumps may be processed with "/usr/share/apport/apport -p%p -s%s -c%c -d%d -P%P -u%u -g%g -- %E" (or dumping to /data/core.449)
#

---------------  S U M M A R Y ------------

Command Line: -Xmx4G -Xms4G minecraft_server.1.21.jar

Host: DO-Regular, 2 cores, 3G, Ubuntu 22.04.4 LTS
Time: Thu Jul  4 13:43:37 2024 UTC elapsed time: 0.009141 seconds (0d 0h 0m 0s)

---------------  T H R E A D  ---------------

Current thread (0x000079a6dc0279c0):  JavaThread "Unknown thread" [_thread_in_vm, id=451, stack(0x000079a6e3088000,0x000079a6e3188000) (1024K)]

Stack: [0x000079a6e3088000,0x000079a6e3188000],  sp=0x000079a6e3186410,  free space=1017k
Native frames: (J=compiled Java code, j=interpreted, Vv=VM code, C=native code)
V  [libjvm.so+0x1002928]  VMError::report_and_die(int, char const*, char const*, __va_list_tag*, Thread*, unsigned char*, void*, void*, char const*, int, unsigned long)+0x2b8  (os_linux.cpp:2784)
V  [libjvm.so+0x100331d]
V  [libjvm.so+0x6b8e7f]
V  [libjvm.so+0xcfcfc4]  os::pd_commit_memory_or_exit(char*, unsigned long, unsigned long, bool, char const*)+0xd4
V  [libjvm.so+0xcf646d]  os::commit_memory_or_exit(char*, unsigned long, unsigned long, bool, char const*)+0x1d
V  [libjvm.so+0x80e0cb]  G1PageBasedVirtualSpace::commit(unsigned long, unsigned long)+0xfb
V  [libjvm.so+0x82455f]  G1RegionsLargerThanCommitSizeMapper::commit_regions(unsigned int, unsigned long, WorkerThreads*)+0x9f
V  [libjvm.so+0x8b4215]  HeapRegionManager::commit_regions(unsigned int, unsigned long, WorkerThreads*)+0x55
V  [libjvm.so+0x8b5e82]  HeapRegionManager::expand(unsigned int, unsigned int, WorkerThreads*)+0x32
V  [libjvm.so+0x8b60ae]  HeapRegionManager::expand_by(unsigned int, WorkerThreads*)+0x7e
V  [libjvm.so+0x7c87af]  G1CollectedHeap::expand(unsigned long, WorkerThreads*, double*)+0xff
V  [libjvm.so+0x7c8dc4]  G1CollectedHeap::initialize()+0x5c4
V  [libjvm.so+0xfa3bc6]  universe_init()+0xd6
V  [libjvm.so+0x8d4ba7]  init_globals()+0x37
V  [libjvm.so+0xf82895]  Threads::create_vm(JavaVMInitArgs*, bool*)+0x2b5
V  [libjvm.so+0x9ae75f]  JNI_CreateJavaVM+0x4f
C  [libjli.so+0x970b]  JavaMain+0x8b
C  [libjli.so+0xd289]  ThreadJavaMain+0x9

---------------  P R O C E S S  ---------------

Threads class SMR info:
_java_thread_list=0x000079a6e47d5960, length=0, elements={
}

Java Threads: ( => current thread )
Total: 0

Other Threads:
  0x000079a6dc090d50 WorkerThread "GC Thread#0"                     [id=452, stack(0x000079a6e1b00000,0x000079a6e1c00000) (1024K)]
  0x000079a6dc0a2310 ConcurrentGCThread "G1 Main Marker"            [id=453, stack(0x000079a6e19ff000,0x000079a6e1aff000) (1024K)]
  0x000079a6dc0a32b0 WorkerThread "G1 Conc#0"                       [id=454, stack(0x000079a6e18fe000,0x000079a6e19fe000) (1024K)]

[error occurred during error reporting (printing all threads), id 0xb, SIGSEGV (0xb) at pc=0x000079a6e3a55800]
VM state: not at safepoint (not fully initialized)

VM Mutex/Monitor currently owned by a thread:  ([mutex/lock_event])
[0x000079a6e47afca0] Heap_lock - owner thread: 0x000079a6dc0279c0

Heap address: 0x0000000700000000, size: 4096 MB, Compressed Oops mode: Zero based, Oop shift amount: 3

CDS archive(s) mapped at: [0x0000000000000000-0x0000000000000000-0x0000000000000000), size 0, SharedBaseAddress: 0x0000000800000000, ArchiveRelocationMode: 1.
Narrow klass base: 0x0000000000000000, Narrow klass shift: 0, Narrow klass range: 0x0

GC Precious Log:
 CardTable entry size: 512
 Card Set container configuration: InlinePtr #cards 4 size 8 Array Of Cards #cards 16 size 48 Howl #buckets 8 coarsen threshold 3686 Howl Bitmap #cards 512 size 80 coarsen threshold 460 Card regions per heap region 1 cards per card region 4096

Heap:
 garbage-first heap   total 0K, used 0K [0x0000000700000000, 0x0000000800000000)
  region size 2048K, 0 young (0K), 0 survivors (0K)

[error occurred during error reporting (printing heap information), id 0xb, SIGSEGV (0xb) at pc=0x000079a6e401beba]
GC Heap History (0 events):
No events

Dll operation events (1 events):
Event: 0.002 Loaded shared library /opt/java/openjdk/lib/libjava.so

Deoptimization events (0 events):
No events

Classes loaded (0 events):
No events

Classes unloaded (0 events):
No events

Classes redefined (0 events):
No events

Internal exceptions (0 events):
No events

ZGC Phase Switch (0 events):
No events

VM Operations (0 events):
No events

Events (1 events):
Event: 0.002 Protecting memory [0x000079a6e3088000,0x000079a6e308c000] with protection modes 0


Dynamic libraries:
56fb1607e000-56fb1607f000 r-xp 00000000 00:31 269379                     /opt/java/openjdk/bin/java
56fb16080000-56fb16081000 r--p 00001000 00:31 269379                     /opt/java/openjdk/bin/java
56fb16081000-56fb16082000 rw-p 00002000 00:31 269379                     /opt/java/openjdk/bin/java
56fb16357000-56fb1639d000 rw-p 00000000 00:00 0                          [heap]
79a6b0000000-79a6b0021000 rw-p 00000000 00:00 0 
79a6b0021000-79a6b4000000 ---p 00000000 00:00 0 
79a6b4000000-79a6b4021000 rw-p 00000000 00:00 0 
79a6b4021000-79a6b8000000 ---p 00000000 00:00 0 
79a6bc000000-79a6bc021000 rw-p 00000000 00:00 0 
79a6bc021000-79a6c0000000 ---p 00000000 00:00 0 
79a6c0e00000-79a6c2e00000 rw-p 00000000 00:00 0 
79a6c2e00000-79a6c6e00000 ---p 00000000 00:00 0 
79a6c6e00000-79a6c7070000 rwxp 00000000 00:00 0 
79a6c7070000-79a6ce338000 ---p 00000000 00:00 0 
79a6ce338000-79a6ce5a8000 rwxp 00000000 00:00 0 
79a6ce5a8000-79a6ce8c7000 ---p 00000000 00:00 0 
79a6ce8c7000-79a6ceb37000 rwxp 00000000 00:00 0 
79a6ceb37000-79a6d5e00000 ---p 00000000 00:00 0 
79a6d5fdb000-79a6dc000000 r--s 00000000 00:31 269681                     /opt/java/openjdk/lib/modules
79a6dc000000-79a6dc0b9000 rw-p 00000000 00:00 0 
79a6dc0b9000-79a6e0000000 ---p 00000000 00:00 0 
79a6e1200000-79a6e14df000 rw-p 00000000 00:00 0 
79a6e1579000-79a6e18fd000 rw-p 00000000 00:00 0 
79a6e18fd000-79a6e18fe000 ---p 00000000 00:00 0 
79a6e18fe000-79a6e19fe000 rw-p 00000000 00:00 0 
79a6e19fe000-79a6e19ff000 ---p 00000000 00:00 0 
79a6e19ff000-79a6e1aff000 rw-p 00000000 00:00 0 
79a6e1aff000-79a6e1b00000 ---p 00000000 00:00 0 
79a6e1b00000-79a6e1c00000 rw-p 00000000 00:00 0 
79a6e1c00000-79a6e2c00000 ---p 00000000 00:00 0 
79a6e2c14000-79a6e2e60000 rw-p 00000000 00:00 0 
79a6e2e60000-79a6e2f46000 ---p 00000000 00:00 0 
79a6e2f46000-79a6e2f4b000 rw-p 00000000 00:00 0 
79a6e2f4b000-79a6e3031000 ---p 00000000 00:00 0 
79a6e3031000-79a6e3036000 rw-p 00000000 00:00 0 
79a6e3036000-79a6e303d000 ---p 00000000 00:00 0 
79a6e303d000-79a6e305d000 r-xp 00000000 00:31 269657                     /opt/java/openjdk/lib/libjava.so
79a6e305d000-79a6e305e000 ---p 00020000 00:31 269657                     /opt/java/openjdk/lib/libjava.so
79a6e305e000-79a6e305f000 r--p 00020000 00:31 269657                     /opt/java/openjdk/lib/libjava.so
79a6e305f000-79a6e3060000 rw-p 00021000 00:31 269657                     /opt/java/openjdk/lib/libjava.so
79a6e3060000-79a6e3061000 rw-p 00000000 00:00 0 
79a6e3061000-79a6e3069000 rw-s 00000000 00:31 786503                     /tmp/hsperfdata_minecraft/449
79a6e3069000-79a6e3084000 r-xp 00000000 00:31 269662                     /opt/java/openjdk/lib/libjimage.so
79a6e3084000-79a6e3085000 ---p 0001b000 00:31 269662                     /opt/java/openjdk/lib/libjimage.so
79a6e3085000-79a6e3087000 r--p 0001b000 00:31 269662                     /opt/java/openjdk/lib/libjimage.so
79a6e3087000-79a6e3088000 rw-p 0001d000 00:31 269662                     /opt/java/openjdk/lib/libjimage.so
79a6e3088000-79a6e308c000 ---p 00000000 00:00 0 
79a6e308c000-79a6e3188000 rw-p 00000000 00:00 0 
79a6e3188000-79a6e3196000 r--p 00000000 00:31 263452                     /usr/lib/x86_64-linux-gnu/libm.so.6
79a6e3196000-79a6e3212000 r-xp 0000e000 00:31 263452                     /usr/lib/x86_64-linux-gnu/libm.so.6
79a6e3212000-79a6e326d000 r--p 0008a000 00:31 263452                     /usr/lib/x86_64-linux-gnu/libm.so.6
79a6e326d000-79a6e326e000 r--p 000e4000 00:31 263452                     /usr/lib/x86_64-linux-gnu/libm.so.6
79a6e326e000-79a6e326f000 rw-p 000e5000 00:31 263452                     /usr/lib/x86_64-linux-gnu/libm.so.6
79a6e326f000-79a6e3270000 r--p 00000000 00:31 263497                     /usr/lib/x86_64-linux-gnu/librt.so.1
79a6e3270000-79a6e3271000 r-xp 00001000 00:31 263497                     /usr/lib/x86_64-linux-gnu/librt.so.1
79a6e3271000-79a6e3272000 r--p 00002000 00:31 263497                     /usr/lib/x86_64-linux-gnu/librt.so.1
79a6e3272000-79a6e3273000 r--p 00002000 00:31 263497                     /usr/lib/x86_64-linux-gnu/librt.so.1
79a6e3273000-79a6e3274000 rw-p 00003000 00:31 263497                     /usr/lib/x86_64-linux-gnu/librt.so.1
79a6e3274000-79a6e467d000 r-xp 00000000 00:31 524298                     /opt/java/openjdk/lib/server/libjvm.so
79a6e467d000-79a6e467e000 ---p 01409000 00:31 524298                     /opt/java/openjdk/lib/server/libjvm.so
79a6e467e000-79a6e474e000 r--p 01409000 00:31 524298                     /opt/java/openjdk/lib/server/libjvm.so
79a6e474e000-79a6e477e000 rw-p 014d9000 00:31 524298                     /opt/java/openjdk/lib/server/libjvm.so
79a6e477e000-79a6e47e6000 rw-p 00000000 00:00 0 
79a6e47e6000-79a6e480e000 r--p 00000000 00:31 263399                     /usr/lib/x86_64-linux-gnu/libc.so.6
79a6e480e000-79a6e49a3000 r-xp 00028000 00:31 263399                     /usr/lib/x86_64-linux-gnu/libc.so.6
79a6e49a3000-79a6e49fb000 r--p 001bd000 00:31 263399                     /usr/lib/x86_64-linux-gnu/libc.so.6
79a6e49fb000-79a6e49fc000 ---p 00215000 00:31 263399                     /usr/lib/x86_64-linux-gnu/libc.so.6
79a6e49fc000-79a6e4a00000 r--p 00215000 00:31 263399                     /usr/lib/x86_64-linux-gnu/libc.so.6
79a6e4a00000-79a6e4a02000 rw-p 00219000 00:31 263399                     /usr/lib/x86_64-linux-gnu/libc.so.6
79a6e4a02000-79a6e4a0f000 rw-p 00000000 00:00 0 
79a6e4a0f000-79a6e4a10000 r--p 00000000 00:31 263414                     /usr/lib/x86_64-linux-gnu/libdl.so.2
79a6e4a10000-79a6e4a11000 r-xp 00001000 00:31 263414                     /usr/lib/x86_64-linux-gnu/libdl.so.2
79a6e4a11000-79a6e4a12000 r--p 00002000 00:31 263414                     /usr/lib/x86_64-linux-gnu/libdl.so.2
79a6e4a12000-79a6e4a13000 r--p 00002000 00:31 263414                     /usr/lib/x86_64-linux-gnu/libdl.so.2
79a6e4a13000-79a6e4a14000 rw-p 00003000 00:31 263414                     /usr/lib/x86_64-linux-gnu/libdl.so.2
79a6e4a14000-79a6e4a15000 r--p 00000000 00:31 263495                     /usr/lib/x86_64-linux-gnu/libpthread.so.0
79a6e4a15000-79a6e4a16000 r-xp 00001000 00:31 263495                     /usr/lib/x86_64-linux-gnu/libpthread.so.0
79a6e4a16000-79a6e4a17000 r--p 00002000 00:31 263495                     /usr/lib/x86_64-linux-gnu/libpthread.so.0
79a6e4a17000-79a6e4a18000 r--p 00002000 00:31 263495                     /usr/lib/x86_64-linux-gnu/libpthread.so.0
79a6e4a18000-79a6e4a19000 rw-p 00003000 00:31 263495                     /usr/lib/x86_64-linux-gnu/libpthread.so.0
79a6e4a1c000-79a6e4a1d000 ---p 00000000 00:00 0 
79a6e4a1d000-79a6e4a1e000 r--p 00000000 00:00 0 
79a6e4a1e000-79a6e4a37000 r-xp 00000000 00:31 269663                     /opt/java/openjdk/lib/libjli.so
79a6e4a37000-79a6e4a38000 r--p 00018000 00:31 269663                     /opt/java/openjdk/lib/libjli.so
79a6e4a38000-79a6e4a39000 rw-p 00019000 00:31 269663                     /opt/java/openjdk/lib/libjli.so
79a6e4a39000-79a6e4a3b000 rw-p 00000000 00:00 0 
79a6e4a3b000-79a6e4a3d000 r--p 00000000 00:31 263381                     /usr/lib/x86_64-linux-gnu/ld-linux-x86-64.so.2
79a6e4a3d000-79a6e4a67000 r-xp 00002000 00:31 263381                     /usr/lib/x86_64-linux-gnu/ld-linux-x86-64.so.2
79a6e4a67000-79a6e4a72000 r--p 0002c000 00:31 263381                     /usr/lib/x86_64-linux-gnu/ld-linux-x86-64.so.2
79a6e4a72000-79a6e4a73000 ---p 00000000 00:00 0 
79a6e4a73000-79a6e4a75000 r--p 00037000 00:31 263381                     /usr/lib/x86_64-linux-gnu/ld-linux-x86-64.so.2
79a6e4a75000-79a6e4a77000 rw-p 00039000 00:31 263381                     /usr/lib/x86_64-linux-gnu/ld-linux-x86-64.so.2
7ffd008bd000-7ffd008de000 rw-p 00000000 00:00 0                          [stack]
7ffd00910000-7ffd00914000 r--p 00000000 00:00 0                          [vvar]
7ffd00914000-7ffd00916000 r-xp 00000000 00:00 0                          [vdso]
ffffffffff600000-ffffffffff601000 --xp 00000000 00:00 0                  [vsyscall]
Total number of mappings: 96


VM Arguments:
jvm_args: -Xmx4G -Xms4G 
java_command: minecraft_server.1.21.jar
java_class_path (initial): minecraft_server.1.21.jar
Launcher Type: SUN_STANDARD

[Global flags]
     intx CICompilerCount                          = 2                                         {product} {ergonomic}
     uint ConcGCThreads                            = 1                                         {product} {ergonomic}
     uint G1ConcRefinementThreads                  = 2                                         {product} {ergonomic}
   size_t G1HeapRegionSize                         = 2097152                                   {product} {ergonomic}
    uintx GCDrainStackTargetSize                   = 64                                        {product} {ergonomic}
   size_t InitialHeapSize                          = 4294967296                                {product} {command line}
   size_t MarkStackSize                            = 4194304                                   {product} {ergonomic}
   size_t MaxHeapSize                              = 4294967296                                {product} {command line}
   size_t MinHeapDeltaBytes                        = 2097152                                   {product} {ergonomic}
   size_t MinHeapSize                              = 4294967296                                {product} {command line}
    uintx NonNMethodCodeHeapSize                   = 5826188                                {pd product} {ergonomic}
    uintx NonProfiledCodeHeapSize                  = 122916026                              {pd product} {ergonomic}
    uintx ProfiledCodeHeapSize                     = 122916026                              {pd product} {ergonomic}
    uintx ReservedCodeCacheSize                    = 251658240                              {pd product} {ergonomic}
     bool SegmentedCodeCache                       = true                                      {product} {ergonomic}
   size_t SoftMaxHeapSize                          = 4294967296                             {manageable} {ergonomic}
     bool UseCompressedOops                        = true                           {product lp64_product} {ergonomic}
     bool UseG1GC                                  = true                                      {product} {ergonomic}

Logging:
Log output configuration:
 #0: stdout all=warning uptime,level,tags foldmultilines=false
 #1: stderr all=off uptime,level,tags foldmultilines=false

Environment Variables:
JAVA_HOME=/opt/java/openjdk
PATH=/opt/java/openjdk/bin:/usr/local/sbin:/usr/local/bin:/usr/sbin:/usr/bin:/sbin:/bin
LANG=en_US.UTF-8
LC_ALL=en_US.UTF-8
TERM=xterm

Active Locale:
LC_ALL=C
LC_COLLATE=C
LC_CTYPE=C
LC_MESSAGES=C
LC_MONETARY=C
LC_NUMERIC=C
LC_TIME=C

Signal Handlers:
   SIGSEGV: crash_handler in libjvm.so, mask=11100100010111111101111111111110, flags=SA_RESTART|SA_SIGINFO, unblocked
    SIGBUS: crash_handler in libjvm.so, mask=11100100010111111101111111111110, flags=SA_RESTART|SA_SIGINFO, unblocked
    SIGFPE: crash_handler in libjvm.so, mask=11100100010111111101111111111110, flags=SA_RESTART|SA_SIGINFO, unblocked
   SIGPIPE: javaSignalHandler in libjvm.so, mask=11100100010111111101111111111110, flags=SA_RESTART|SA_SIGINFO, blocked
   SIGXFSZ: javaSignalHandler in libjvm.so, mask=11100100010111111101111111111110, flags=SA_RESTART|SA_SIGINFO, blocked
    SIGILL: crash_handler in libjvm.so, mask=11100100010111111101111111111110, flags=SA_RESTART|SA_SIGINFO, unblocked
   SIGUSR2: SR_handler in libjvm.so, mask=00000000000000000000000000000000, flags=SA_RESTART|SA_SIGINFO, blocked
    SIGHUP: SIG_DFL, mask=00000000000000000000000000000000, flags=none, blocked
    SIGINT: SIG_DFL, mask=00000000000000000000000000000000, flags=none, blocked
   SIGTERM: SIG_DFL, mask=00000000000000000000000000000000, flags=none, blocked
   SIGQUIT: UserHandler in libjvm.so, mask=11100100010111111101111111111110, flags=SA_RESTART|SA_SIGINFO, blocked
   SIGTRAP: crash_handler in libjvm.so, mask=11100100010111111101111111111110, flags=SA_RESTART|SA_SIGINFO, unblocked


Periodic native trim disabled

---------------  S Y S T E M  ---------------

OS:
DISTRIB_ID=Ubuntu
DISTRIB_RELEASE=22.04
DISTRIB_CODENAME=jammy
DISTRIB_DESCRIPTION="Ubuntu 22.04.4 LTS"
uname: Linux 6.8.0-36-generic #36-Ubuntu SMP PREEMPT_DYNAMIC Mon Jun 10 10:49:14 UTC 2024 x86_64
OS uptime: 0 days 22:09 hours
libc: glibc 2.35 NPTL 2.35 
rlimit (soft/hard): STACK 8192k/infinity , CORE 0k/infinity , NPROC 15528/15528 , NOFILE 524288/524288 , AS infinity/infinity , CPU infinity/infinity , DATA infinity/infinity , FSIZE infinity/infinity , MEMLOCK 8192k/8192k
load average: 1.44 1.28 0.99

/proc/meminfo:
MemTotal:        4010048 kB
MemFree:         1791832 kB
MemAvailable:    3307136 kB
Buffers:           96116 kB
Cached:          1584432 kB
SwapCached:            0 kB
Active:           889348 kB
Inactive:        1024112 kB
Active(anon):     245380 kB
Inactive(anon):      552 kB
Active(file):     643968 kB
Inactive(file):  1023560 kB
Unevictable:       30352 kB
Mlocked:           27280 kB
SwapTotal:             0 kB
SwapFree:              0 kB
Zswap:                 0 kB
Zswapped:              0 kB
Dirty:               248 kB
Writeback:             0 kB
AnonPages:        263272 kB
Mapped:           275596 kB
Shmem:              4272 kB
KReclaimable:     104612 kB
Slab:             171360 kB
SReclaimable:     104612 kB
SUnreclaim:        66748 kB
KernelStack:        3712 kB
PageTables:         5160 kB
SecPageTables:         0 kB
NFS_Unstable:          0 kB
Bounce:                0 kB
WritebackTmp:          0 kB
CommitLimit:     2005024 kB
Committed_AS:    1476360 kB
VmallocTotal:   34359738367 kB
VmallocUsed:       20072 kB
VmallocChunk:          0 kB
Percpu:             1624 kB
HardwareCorrupted:     0 kB
AnonHugePages:         0 kB
ShmemHugePages:        0 kB
ShmemPmdMapped:        0 kB
FileHugePages:         0 kB
FilePmdMapped:         0 kB
Unaccepted:            0 kB
HugePages_Total:       0
HugePages_Free:        0
HugePages_Rsvd:        0
HugePages_Surp:        0
Hugepagesize:       2048 kB
Hugetlb:               0 kB
DirectMap4k:      120684 kB
DirectMap2M:     4073472 kB

/sys/kernel/mm/transparent_hugepage/enabled: always [madvise] never
/sys/kernel/mm/transparent_hugepage/hpage_pmd_size: 2097152
/sys/kernel/mm/transparent_hugepage/defrag (defrag/compaction efforts parameter): always defer defer+madvise [madvise] never

Process Memory:
Virtual Size: 762220K (peak: 4952040K)
Resident Set Size: 20096K (peak: 20096K) (anon: 6528K, file: 13568K, shmem: 0K)
Swapped out: 0K
C-Heap outstanding allocations: 9429K, retained: 602K
glibc malloc tunables: (default)

/proc/sys/kernel/threads-max (system-wide limit on the number of threads): 31056
/proc/sys/vm/max_map_count (maximum number of memory map areas a process may have): 1048576
/proc/sys/kernel/pid_max (system-wide limit on number of process identifiers): 4194304

container (cgroup) information:
container_type: cgroupv2
cpu_cpuset_cpus: not supported
cpu_memory_nodes: not supported
active_processor_count: 2
cpu_quota: no quota
cpu_period: 100000
cpu_shares: no shares
memory_limit_in_bytes: unlimited
memory_and_swap_limit_in_bytes: unlimited
memory_soft_limit_in_bytes: unlimited
memory_usage_in_bytes: 8732 k
memory_max_usage_in_bytes: not supported
memory_swap_current_in_bytes: unlimited
memory_swap_max_limit_in_bytes: unlimited
maximum number of tasks: 4658
current number of tasks: 11

KVM virtualization detected
Steal ticks since vm start: 0
Steal ticks percentage since vm start:  0.000

CPU: total 2 (initial active 2) (2 cores per cpu, 1 threads per core) family 6 model 79 stepping 1 microcode 0x1, cx8, cmov, fxsr, mmx, 3dnowpref, sse, sse2, sse3, ssse3, sse4.1, sse4.2, popcnt, lzcnt, tsc, avx, avx2, aes, erms, clmul, bmi1, bmi2, adx, fma, vzeroupper, clflush, hv, rdtscp, f16c
CPU Model and flags from /proc/cpuinfo:
model name	: DO-Regular
flags		: fpu vme de pse tsc msr pae mce cx8 apic sep mtrr pge mca cmov pat pse36 clflush mmx fxsr sse sse2 ss ht syscall nx rdtscp lm constant_tsc rep_good nopl xtopology cpuid tsc_known_freq pni pclmulqdq vmx ssse3 fma cx16 pcid sse4_1 sse4_2 x2apic movbe popcnt tsc_deadline_timer aes xsave avx f16c rdrand hypervisor lahf_lm abm 3dnowprefetch cpuid_fault pti ssbd ibrs ibpb tpr_shadow flexpriority ept vpid ept_ad fsgsbase tsc_adjust bmi1 avx2 smep bmi2 erms invpcid rdseed adx smap xsaveopt arat vnmi md_clear

Online cpus: 0-1
Offline cpus: 
BIOS frequency limitation: <Not Available>
Frequency switch latency (ns): <Not Available>
Available cpu frequencies: <Not Available>
Current governor: <Not Available>
Core performance/turbo boost: <Not Available>

Memory: 4k page, physical 4010048k(3307136k free), swap 0k(0k free)
Page Sizes: 4k

vm_info: OpenJDK 64-Bit Server VM (21.0.3+9-LTS) for linux-amd64 JRE (21.0.3+9-LTS), built on 2024-04-16T00:00:00Z by "admin" with gcc 11.3.0

END.
