[03:23:20] [ServerMain/INFO]: Environment: Environment[sessionHost=https://sessionserver.mojang.com, servicesHost=https://api.minecraftservices.com, name=PROD]
[03:23:22] [ServerMain/INFO]: Loaded 1290 recipes
[03:23:22] [ServerMain/INFO]: Loaded 1399 advancements
[03:23:23] [Server thread/INFO]: Starting minecraft server version 1.21
[03:23:23] [Server thread/INFO]: Loading properties
[03:23:23] [Server thread/INFO]: Default game type: SURVIVAL
[03:23:23] [Server thread/INFO]: Generating keypair
[03:23:23] [Server thread/INFO]: Starting Minecraft server on *:25565
[03:23:23] [Server thread/INFO]: Using epoll channel type
[03:23:24] [Server thread/WARN]: **** SERVER IS RUNNING IN OFFLINE/INSECURE MODE!
[03:23:24] [Server thread/WARN]: The server will make no attempt to authenticate usernames. Beware.
[03:23:24] [Server thread/WARN]: While this makes the game possible to play without internet access, it also opens up the ability for hackers to connect with any username they choose.
[03:23:24] [Server thread/WARN]: To change this, set "online-mode" to "true" in the server.properties file.
[03:23:24] [Server thread/INFO]: Preparing level "world"
[03:23:27] [Server thread/INFO]: Preparing start region for dimension minecraft:overworld
[03:23:28] [Worker-Main-1/INFO]: Preparing spawn area: 0%
[03:23:28] [Worker-Main-1/INFO]: Preparing spawn area: 0%
[03:23:28] [Server thread/INFO]: Time elapsed: 816 ms
[03:23:28] [Server thread/INFO]: Done (4.426s)! For help, type "help"
[03:23:28] [Server thread/INFO]: Starting remote control listener
[03:23:28] [Server thread/INFO]: Thread RCON Listener started
[03:23:28] [Server thread/INFO]: RCON running on 0.0.0.0:25575
